<?xml version="1.0" encoding="UTF-8"?>
<!-- Generated by org.testng.reporters.JUnitXMLReporter -->
<testsuite ignored="0" hostname="DESKTOP-8T6NK43" failures="1" tests="2" name="Test" time="31.33" errors="0" timestamp="2025-04-28T12:22:18 IST">
  <testcase classname="testCases.TC001_AccountRegistrationTest" name="test_account_Registration" time="6.784"/>
  <testcase classname="testCases.TC002_LoginTest" name="verify_login" time="12.926">
    <failure type="java.lang.AssertionError" message="expected [true] but found [false]">
      <![CDATA[java.lang.AssertionError: expected [true] but found [false]
at testCases.TC002_LoginTest.verify_login(TC002_LoginTest.java:35)
at java.base/java.util.ArrayList.forEach(ArrayList.java:1597)
... Removed 29 stack frames]]>
    </failure>
  </testcase> <!-- verify_login -->
</testsuite> <!-- Test -->
